2025-04-29T00:01:06.209+08:00 DEBUG 22728 --- [tabletennis] [http-nio-8080-exec-4] org.mybatis.spring.SqlSessionUtils       : Creating a new SqlSession
2025-04-29T00:01:06.212+08:00 DEBUG 22728 --- [tabletennis] [http-nio-8080-exec-4] org.mybatis.spring.SqlSessionUtils       : SqlSession [org.apache.ibatis.session.defaults.DefaultSqlSession@a0dda4a] was not registered for synchronization because synchronization is not active
2025-04-29T00:01:06.212+08:00 DEBUG 22728 --- [tabletennis] [http-nio-8080-exec-4] o.m.s.t.SpringManagedTransaction         : JDBC Connection [HikariProxyConnection@1591283953 wrapping com.mysql.cj.jdbc.ConnectionImpl@614ff6f] will not be managed by Spring
2025-04-29T00:01:06.212+08:00 DEBUG 22728 --- [tabletennis] [http-nio-8080-exec-4] c.e.t.m.UserMapper.selectByUsername      : ==>  Preparing: SELECT * FROM user WHERE username = ?
2025-04-29T00:01:06.212+08:00 DEBUG 22728 --- [tabletennis] [http-nio-8080-exec-4] c.e.t.m.UserMapper.selectByUsername      : ==> Parameters: admin(String)
2025-04-29T00:01:06.213+08:00 TRACE 22728 --- [tabletennis] [http-nio-8080-exec-4] c.e.t.m.UserMapper.selectByUsername      : <==    Columns: user_id, username, password, email, registration_time, last_login_time, avatar_url, status, role
2025-04-29T00:01:06.213+08:00 TRACE 22728 --- [tabletennis] [http-nio-8080-exec-4] c.e.t.m.UserMapper.selectByUsername      : <==        Row: 1, admin, $2a$10$a6vRrXtpxhPrSdVsQOF1nuzFWuyQJ53nTPZHyniVvQK/4ziUlEQki, 1471750916@qq.com, 2025-04-25 14:37:39, 2025-04-28 23:45:25, http://localhost:8080/uploads/avatars/default-avatar.png, active, ADMIN
2025-04-29T00:01:06.213+08:00 DEBUG 22728 --- [tabletennis] [http-nio-8080-exec-4] c.e.t.m.UserMapper.selectByUsername      : <==      Total: 1
2025-04-29T00:01:06.213+08:00 DEBUG 22728 --- [tabletennis] [http-nio-8080-exec-4] org.mybatis.spring.SqlSessionUtils       : Closing non transactional SqlSession [org.apache.ibatis.session.defaults.DefaultSqlSession@a0dda4a]
2025-04-29T00:01:06.213+08:00 DEBUG 22728 --- [tabletennis] [http-nio-8080-exec-4] o.s.web.servlet.DispatcherServlet        : GET "/api/notifications/unread-counts", parameters={}
2025-04-29T00:01:06.213+08:00 DEBUG 22728 --- [tabletennis] [http-nio-8080-exec-4] s.w.s.m.m.a.RequestMappingHandlerMapping : Mapped to com.example.tabletennis.controller.NotificationController#getUnreadCount(UserDetails)
2025-04-29T00:01:06.213+08:00 DEBUG 22728 --- [tabletennis] [http-nio-8080-exec-4] org.mybatis.spring.SqlSessionUtils       : Creating a new SqlSession
2025-04-29T00:01:06.213+08:00 DEBUG 22728 --- [tabletennis] [http-nio-8080-exec-4] org.mybatis.spring.SqlSessionUtils       : SqlSession [org.apache.ibatis.session.defaults.DefaultSqlSession@44be5c87] was not registered for synchronization because synchronization is not active
2025-04-29T00:01:06.213+08:00 DEBUG 22728 --- [tabletennis] [http-nio-8080-exec-4] o.m.s.t.SpringManagedTransaction         : JDBC Connection [HikariProxyConnection@1990818223 wrapping com.mysql.cj.jdbc.ConnectionImpl@614ff6f] will not be managed by Spring
2025-04-29T00:01:06.213+08:00 DEBUG 22728 --- [tabletennis] [http-nio-8080-exec-4] c.e.t.m.U.selectUserIdByUsername         : ==>  Preparing: SELECT user_id FROM user WHERE username = ?
2025-04-29T00:01:06.213+08:00 DEBUG 22728 --- [tabletennis] [http-nio-8080-exec-4] c.e.t.m.U.selectUserIdByUsername         : ==> Parameters: admin(String)
2025-04-29T00:01:06.214+08:00 TRACE 22728 --- [tabletennis] [http-nio-8080-exec-4] c.e.t.m.U.selectUserIdByUsername         : <==    Columns: user_id
2025-04-29T00:01:06.214+08:00 TRACE 22728 --- [tabletennis] [http-nio-8080-exec-4] c.e.t.m.U.selectUserIdByUsername         : <==        Row: 1
2025-04-29T00:01:06.214+08:00 DEBUG 22728 --- [tabletennis] [http-nio-8080-exec-4] c.e.t.m.U.selectUserIdByUsername         : <==      Total: 1
2025-04-29T00:01:06.214+08:00 DEBUG 22728 --- [tabletennis] [http-nio-8080-exec-4] org.mybatis.spring.SqlSessionUtils       : Closing non transactional SqlSession [org.apache.ibatis.session.defaults.DefaultSqlSession@44be5c87]
2025-04-29T00:01:06.214+08:00 DEBUG 22728 --- [tabletennis] [http-nio-8080-exec-4] org.mybatis.spring.SqlSessionUtils       : Creating a new SqlSession
2025-04-29T00:01:06.214+08:00 DEBUG 22728 --- [tabletennis] [http-nio-8080-exec-4] org.mybatis.spring.SqlSessionUtils       : SqlSession [org.apache.ibatis.session.defaults.DefaultSqlSession@53feee7b] was not registered for synchronization because synchronization is not active
2025-04-29T00:01:06.215+08:00 DEBUG 22728 --- [tabletennis] [http-nio-8080-exec-4] o.m.s.t.SpringManagedTransaction         : JDBC Connection [HikariProxyConnection@1695734503 wrapping com.mysql.cj.jdbc.ConnectionImpl@614ff6f] will not be managed by Spring
2025-04-29T00:01:06.215+08:00 DEBUG 22728 --- [tabletennis] [http-nio-8080-exec-4] c.e.t.m.N.countUnreadByTypes             : ==>  Preparing: SELECT COUNT(*) FROM notification WHERE receiver_id = ? AND is_read = 0 AND type IN ( ? , ? )
2025-04-29T00:01:06.215+08:00 DEBUG 22728 --- [tabletennis] [http-nio-8080-exec-4] c.e.t.m.N.countUnreadByTypes             : ==> Parameters: 1(Long), COMMENT(String), REPLY(String)
2025-04-29T00:01:06.215+08:00 TRACE 22728 --- [tabletennis] [http-nio-8080-exec-4] c.e.t.m.N.countUnreadByTypes             : <==    Columns: COUNT(*)
2025-04-29T00:01:06.215+08:00 TRACE 22728 --- [tabletennis] [http-nio-8080-exec-4] c.e.t.m.N.countUnreadByTypes             : <==        Row: 0
2025-04-29T00:01:06.215+08:00 DEBUG 22728 --- [tabletennis] [http-nio-8080-exec-4] c.e.t.m.N.countUnreadByTypes             : <==      Total: 1
2025-04-29T00:01:06.215+08:00 DEBUG 22728 --- [tabletennis] [http-nio-8080-exec-4] org.mybatis.spring.SqlSessionUtils       : Closing non transactional SqlSession [org.apache.ibatis.session.defaults.DefaultSqlSession@53feee7b]
2025-04-29T00:01:06.215+08:00 DEBUG 22728 --- [tabletennis] [http-nio-8080-exec-4] org.mybatis.spring.SqlSessionUtils       : Creating a new SqlSession
2025-04-29T00:01:06.215+08:00 DEBUG 22728 --- [tabletennis] [http-nio-8080-exec-4] org.mybatis.spring.SqlSessionUtils       : SqlSession [org.apache.ibatis.session.defaults.DefaultSqlSession@599bd7ac] was not registered for synchronization because synchronization is not active
2025-04-29T00:01:06.215+08:00 DEBUG 22728 --- [tabletennis] [http-nio-8080-exec-4] o.m.s.t.SpringManagedTransaction         : JDBC Connection [HikariProxyConnection@2108843986 wrapping com.mysql.cj.jdbc.ConnectionImpl@614ff6f] will not be managed by Spring
2025-04-29T00:01:06.215+08:00 DEBUG 22728 --- [tabletennis] [http-nio-8080-exec-4] c.e.t.m.N.countUnreadByTypes             : ==>  Preparing: SELECT COUNT(*) FROM notification WHERE receiver_id = ? AND is_read = 0 AND type IN ( ? )
2025-04-29T00:01:06.215+08:00 DEBUG 22728 --- [tabletennis] [http-nio-8080-exec-4] c.e.t.m.N.countUnreadByTypes             : ==> Parameters: 1(Long), LIKE(String)
2025-04-29T00:01:06.217+08:00 TRACE 22728 --- [tabletennis] [http-nio-8080-exec-4] c.e.t.m.N.countUnreadByTypes             : <==    Columns: COUNT(*)
2025-04-29T00:01:06.217+08:00 TRACE 22728 --- [tabletennis] [http-nio-8080-exec-4] c.e.t.m.N.countUnreadByTypes             : <==        Row: 0
2025-04-29T00:01:06.217+08:00 DEBUG 22728 --- [tabletennis] [http-nio-8080-exec-4] c.e.t.m.N.countUnreadByTypes             : <==      Total: 1
2025-04-29T00:01:06.217+08:00 DEBUG 22728 --- [tabletennis] [http-nio-8080-exec-4] org.mybatis.spring.SqlSessionUtils       : Closing non transactional SqlSession [org.apache.ibatis.session.defaults.DefaultSqlSession@599bd7ac]
2025-04-29T00:01:06.217+08:00 DEBUG 22728 --- [tabletennis] [http-nio-8080-exec-4] org.mybatis.spring.SqlSessionUtils       : Creating a new SqlSession
2025-04-29T00:01:06.217+08:00 DEBUG 22728 --- [tabletennis] [http-nio-8080-exec-4] org.mybatis.spring.SqlSessionUtils       : SqlSession [org.apache.ibatis.session.defaults.DefaultSqlSession@bd5e1b1] was not registered for synchronization because synchronization is not active
2025-04-29T00:01:06.217+08:00 DEBUG 22728 --- [tabletennis] [http-nio-8080-exec-4] o.m.s.t.SpringManagedTransaction         : JDBC Connection [HikariProxyConnection@208957904 wrapping com.mysql.cj.jdbc.ConnectionImpl@614ff6f] will not be managed by Spring
2025-04-29T00:01:06.217+08:00 DEBUG 22728 --- [tabletennis] [http-nio-8080-exec-4] c.e.t.m.N.countUnreadByTypes             : ==>  Preparing: SELECT COUNT(*) FROM notification WHERE receiver_id = ? AND is_read = 0 AND type IN ( ? )
2025-04-29T00:01:06.217+08:00 DEBUG 22728 --- [tabletennis] [http-nio-8080-exec-4] c.e.t.m.N.countUnreadByTypes             : ==> Parameters: 1(Long), SYSTEM(String)
2025-04-29T00:01:06.217+08:00 TRACE 22728 --- [tabletennis] [http-nio-8080-exec-4] c.e.t.m.N.countUnreadByTypes             : <==    Columns: COUNT(*)
2025-04-29T00:01:06.217+08:00 TRACE 22728 --- [tabletennis] [http-nio-8080-exec-4] c.e.t.m.N.countUnreadByTypes             : <==        Row: 0
2025-04-29T00:01:06.217+08:00 DEBUG 22728 --- [tabletennis] [http-nio-8080-exec-4] c.e.t.m.N.countUnreadByTypes             : <==      Total: 1
2025-04-29T00:01:06.217+08:00 DEBUG 22728 --- [tabletennis] [http-nio-8080-exec-4] org.mybatis.spring.SqlSessionUtils       : Closing non transactional SqlSession [org.apache.ibatis.session.defaults.DefaultSqlSession@bd5e1b1]
2025-04-29T00:01:06.218+08:00 DEBUG 22728 --- [tabletennis] [http-nio-8080-exec-4] o.s.w.s.m.m.a.HttpEntityMethodProcessor  : Using 'application/json', given [application/json, text/plain, */*] and supported [application/json, application/*+json]
2025-04-29T00:01:06.218+08:00 DEBUG 22728 --- [tabletennis] [http-nio-8080-exec-4] o.s.w.s.m.m.a.HttpEntityMethodProcessor  : Writing [ApiResponse(code=200, message=Success, data={system=0, like=0, replyComment=0})]
2025-04-29T00:01:06.218+08:00 DEBUG 22728 --- [tabletennis] [http-nio-8080-exec-4] o.s.web.servlet.DispatcherServlet        : Completed 200 OK
2025-04-29T00:06:06.208+08:00 DEBUG 22728 --- [tabletennis] [http-nio-8080-exec-3] org.mybatis.spring.SqlSessionUtils       : Creating a new SqlSession
2025-04-29T00:06:06.208+08:00 DEBUG 22728 --- [tabletennis] [http-nio-8080-exec-3] org.mybatis.spring.SqlSessionUtils       : SqlSession [org.apache.ibatis.session.defaults.DefaultSqlSession@11a8a426] was not registered for synchronization because synchronization is not active
2025-04-29T00:06:06.209+08:00 DEBUG 22728 --- [tabletennis] [http-nio-8080-exec-3] o.m.s.t.SpringManagedTransaction         : JDBC Connection [HikariProxyConnection@1055615367 wrapping com.mysql.cj.jdbc.ConnectionImpl@26128265] will not be managed by Spring
2025-04-29T00:06:06.209+08:00 DEBUG 22728 --- [tabletennis] [http-nio-8080-exec-3] c.e.t.m.UserMapper.selectByUsername      : ==>  Preparing: SELECT * FROM user WHERE username = ?
2025-04-29T00:06:06.209+08:00 DEBUG 22728 --- [tabletennis] [http-nio-8080-exec-3] c.e.t.m.UserMapper.selectByUsername      : ==> Parameters: admin(String)
2025-04-29T00:06:06.210+08:00 TRACE 22728 --- [tabletennis] [http-nio-8080-exec-3] c.e.t.m.UserMapper.selectByUsername      : <==    Columns: user_id, username, password, email, registration_time, last_login_time, avatar_url, status, role
2025-04-29T00:06:06.210+08:00 TRACE 22728 --- [tabletennis] [http-nio-8080-exec-3] c.e.t.m.UserMapper.selectByUsername      : <==        Row: 1, admin, $2a$10$a6vRrXtpxhPrSdVsQOF1nuzFWuyQJ53nTPZHyniVvQK/4ziUlEQki, 1471750916@qq.com, 2025-04-25 14:37:39, 2025-04-28 23:45:25, http://localhost:8080/uploads/avatars/default-avatar.png, active, ADMIN
2025-04-29T00:06:06.210+08:00 DEBUG 22728 --- [tabletennis] [http-nio-8080-exec-3] c.e.t.m.UserMapper.selectByUsername      : <==      Total: 1
2025-04-29T00:06:06.210+08:00 DEBUG 22728 --- [tabletennis] [http-nio-8080-exec-3] org.mybatis.spring.SqlSessionUtils       : Closing non transactional SqlSession [org.apache.ibatis.session.defaults.DefaultSqlSession@11a8a426]
2025-04-29T00:06:06.210+08:00 DEBUG 22728 --- [tabletennis] [http-nio-8080-exec-3] o.s.web.servlet.DispatcherServlet        : GET "/api/notifications/unread-counts", parameters={}
2025-04-29T00:06:06.210+08:00 DEBUG 22728 --- [tabletennis] [http-nio-8080-exec-3] s.w.s.m.m.a.RequestMappingHandlerMapping : Mapped to com.example.tabletennis.controller.NotificationController#getUnreadCount(UserDetails)
2025-04-29T00:06:06.210+08:00 DEBUG 22728 --- [tabletennis] [http-nio-8080-exec-3] org.mybatis.spring.SqlSessionUtils       : Creating a new SqlSession
2025-04-29T00:06:06.210+08:00 DEBUG 22728 --- [tabletennis] [http-nio-8080-exec-3] org.mybatis.spring.SqlSessionUtils       : SqlSession [org.apache.ibatis.session.defaults.DefaultSqlSession@62dfaa46] was not registered for synchronization because synchronization is not active
2025-04-29T00:06:06.210+08:00 DEBUG 22728 --- [tabletennis] [http-nio-8080-exec-3] o.m.s.t.SpringManagedTransaction         : JDBC Connection [HikariProxyConnection@119357643 wrapping com.mysql.cj.jdbc.ConnectionImpl@26128265] will not be managed by Spring
2025-04-29T00:06:06.210+08:00 DEBUG 22728 --- [tabletennis] [http-nio-8080-exec-3] c.e.t.m.U.selectUserIdByUsername         : ==>  Preparing: SELECT user_id FROM user WHERE username = ?
2025-04-29T00:06:06.210+08:00 DEBUG 22728 --- [tabletennis] [http-nio-8080-exec-3] c.e.t.m.U.selectUserIdByUsername         : ==> Parameters: admin(String)
2025-04-29T00:06:06.212+08:00 TRACE 22728 --- [tabletennis] [http-nio-8080-exec-3] c.e.t.m.U.selectUserIdByUsername         : <==    Columns: user_id
2025-04-29T00:06:06.212+08:00 TRACE 22728 --- [tabletennis] [http-nio-8080-exec-3] c.e.t.m.U.selectUserIdByUsername         : <==        Row: 1
2025-04-29T00:06:06.212+08:00 DEBUG 22728 --- [tabletennis] [http-nio-8080-exec-3] c.e.t.m.U.selectUserIdByUsername         : <==      Total: 1
2025-04-29T00:06:06.212+08:00 DEBUG 22728 --- [tabletennis] [http-nio-8080-exec-3] org.mybatis.spring.SqlSessionUtils       : Closing non transactional SqlSession [org.apache.ibatis.session.defaults.DefaultSqlSession@62dfaa46]
2025-04-29T00:06:06.212+08:00 DEBUG 22728 --- [tabletennis] [http-nio-8080-exec-3] org.mybatis.spring.SqlSessionUtils       : Creating a new SqlSession
2025-04-29T00:06:06.212+08:00 DEBUG 22728 --- [tabletennis] [http-nio-8080-exec-3] org.mybatis.spring.SqlSessionUtils       : SqlSession [org.apache.ibatis.session.defaults.DefaultSqlSession@1606f767] was not registered for synchronization because synchronization is not active
2025-04-29T00:06:06.212+08:00 DEBUG 22728 --- [tabletennis] [http-nio-8080-exec-3] o.m.s.t.SpringManagedTransaction         : JDBC Connection [HikariProxyConnection@160756347 wrapping com.mysql.cj.jdbc.ConnectionImpl@26128265] will not be managed by Spring
2025-04-29T00:06:06.212+08:00 DEBUG 22728 --- [tabletennis] [http-nio-8080-exec-3] c.e.t.m.N.countUnreadByTypes             : ==>  Preparing: SELECT COUNT(*) FROM notification WHERE receiver_id = ? AND is_read = 0 AND type IN ( ? , ? )
2025-04-29T00:06:06.212+08:00 DEBUG 22728 --- [tabletennis] [http-nio-8080-exec-3] c.e.t.m.N.countUnreadByTypes             : ==> Parameters: 1(Long), COMMENT(String), REPLY(String)
2025-04-29T00:06:06.213+08:00 TRACE 22728 --- [tabletennis] [http-nio-8080-exec-3] c.e.t.m.N.countUnreadByTypes             : <==    Columns: COUNT(*)
2025-04-29T00:06:06.213+08:00 TRACE 22728 --- [tabletennis] [http-nio-8080-exec-3] c.e.t.m.N.countUnreadByTypes             : <==        Row: 0
2025-04-29T00:06:06.213+08:00 DEBUG 22728 --- [tabletennis] [http-nio-8080-exec-3] c.e.t.m.N.countUnreadByTypes             : <==      Total: 1
2025-04-29T00:06:06.213+08:00 DEBUG 22728 --- [tabletennis] [http-nio-8080-exec-3] org.mybatis.spring.SqlSessionUtils       : Closing non transactional SqlSession [org.apache.ibatis.session.defaults.DefaultSqlSession@1606f767]
2025-04-29T00:06:06.213+08:00 DEBUG 22728 --- [tabletennis] [http-nio-8080-exec-3] org.mybatis.spring.SqlSessionUtils       : Creating a new SqlSession
2025-04-29T00:06:06.213+08:00 DEBUG 22728 --- [tabletennis] [http-nio-8080-exec-3] org.mybatis.spring.SqlSessionUtils       : SqlSession [org.apache.ibatis.session.defaults.DefaultSqlSession@26d14e22] was not registered for synchronization because synchronization is not active
2025-04-29T00:06:06.213+08:00 DEBUG 22728 --- [tabletennis] [http-nio-8080-exec-3] o.m.s.t.SpringManagedTransaction         : JDBC Connection [HikariProxyConnection@130885712 wrapping com.mysql.cj.jdbc.ConnectionImpl@26128265] will not be managed by Spring
2025-04-29T00:06:06.214+08:00 DEBUG 22728 --- [tabletennis] [http-nio-8080-exec-3] c.e.t.m.N.countUnreadByTypes             : ==>  Preparing: SELECT COUNT(*) FROM notification WHERE receiver_id = ? AND is_read = 0 AND type IN ( ? )
2025-04-29T00:06:06.214+08:00 DEBUG 22728 --- [tabletennis] [http-nio-8080-exec-3] c.e.t.m.N.countUnreadByTypes             : ==> Parameters: 1(Long), LIKE(String)
2025-04-29T00:06:06.214+08:00 TRACE 22728 --- [tabletennis] [http-nio-8080-exec-3] c.e.t.m.N.countUnreadByTypes             : <==    Columns: COUNT(*)
2025-04-29T00:06:06.215+08:00 TRACE 22728 --- [tabletennis] [http-nio-8080-exec-3] c.e.t.m.N.countUnreadByTypes             : <==        Row: 0
2025-04-29T00:06:06.215+08:00 DEBUG 22728 --- [tabletennis] [http-nio-8080-exec-3] c.e.t.m.N.countUnreadByTypes             : <==      Total: 1
2025-04-29T00:06:06.215+08:00 DEBUG 22728 --- [tabletennis] [http-nio-8080-exec-3] org.mybatis.spring.SqlSessionUtils       : Closing non transactional SqlSession [org.apache.ibatis.session.defaults.DefaultSqlSession@26d14e22]
2025-04-29T00:06:06.215+08:00 DEBUG 22728 --- [tabletennis] [http-nio-8080-exec-3] org.mybatis.spring.SqlSessionUtils       : Creating a new SqlSession
2025-04-29T00:06:06.215+08:00 DEBUG 22728 --- [tabletennis] [http-nio-8080-exec-3] org.mybatis.spring.SqlSessionUtils       : SqlSession [org.apache.ibatis.session.defaults.DefaultSqlSession@5af1d66e] was not registered for synchronization because synchronization is not active
2025-04-29T00:06:06.215+08:00 DEBUG 22728 --- [tabletennis] [http-nio-8080-exec-3] o.m.s.t.SpringManagedTransaction         : JDBC Connection [HikariProxyConnection@1987916620 wrapping com.mysql.cj.jdbc.ConnectionImpl@26128265] will not be managed by Spring
2025-04-29T00:06:06.215+08:00 DEBUG 22728 --- [tabletennis] [http-nio-8080-exec-3] c.e.t.m.N.countUnreadByTypes             : ==>  Preparing: SELECT COUNT(*) FROM notification WHERE receiver_id = ? AND is_read = 0 AND type IN ( ? )
2025-04-29T00:06:06.215+08:00 DEBUG 22728 --- [tabletennis] [http-nio-8080-exec-3] c.e.t.m.N.countUnreadByTypes             : ==> Parameters: 1(Long), SYSTEM(String)
2025-04-29T00:06:06.216+08:00 TRACE 22728 --- [tabletennis] [http-nio-8080-exec-3] c.e.t.m.N.countUnreadByTypes             : <==    Columns: COUNT(*)
2025-04-29T00:06:06.216+08:00 TRACE 22728 --- [tabletennis] [http-nio-8080-exec-3] c.e.t.m.N.countUnreadByTypes             : <==        Row: 0
2025-04-29T00:06:06.216+08:00 DEBUG 22728 --- [tabletennis] [http-nio-8080-exec-3] c.e.t.m.N.countUnreadByTypes             : <==      Total: 1
2025-04-29T00:06:06.216+08:00 DEBUG 22728 --- [tabletennis] [http-nio-8080-exec-3] org.mybatis.spring.SqlSessionUtils       : Closing non transactional SqlSession [org.apache.ibatis.session.defaults.DefaultSqlSession@5af1d66e]
2025-04-29T00:06:06.216+08:00 DEBUG 22728 --- [tabletennis] [http-nio-8080-exec-3] o.s.w.s.m.m.a.HttpEntityMethodProcessor  : Using 'application/json', given [application/json, text/plain, */*] and supported [application/json, application/*+json]
2025-04-29T00:06:06.216+08:00 DEBUG 22728 --- [tabletennis] [http-nio-8080-exec-3] o.s.w.s.m.m.a.HttpEntityMethodProcessor  : Writing [ApiResponse(code=200, message=Success, data={system=0, like=0, replyComment=0})]
2025-04-29T00:06:06.216+08:00 DEBUG 22728 --- [tabletennis] [http-nio-8080-exec-3] o.s.web.servlet.DispatcherServlet        : Completed 200 OK
2025-04-29T00:06:58.078+08:00  INFO 22728 --- [tabletennis] [MessageBroker-3] o.s.w.s.c.WebSocketMessageBrokerStats    : WebSocketSession[0 current WS(0)-HttpStream(0)-HttpPoll(0), 0 total, 0 closed abnormally (0 connect failure, 0 send limit, 0 transport error)], stompSubProtocol[processed CONNECT(0)-CONNECTED(0)-DISCONNECT(0)], stompBrokerRelay[null], inboundChannel[pool size = 0, active threads = 0, queued tasks = 0, completed tasks = 0], outboundChannel[pool size = 0, active threads = 0, queued tasks = 0, completed tasks = 0], sockJsScheduler[pool size = 10, active threads = 1, queued tasks = 0, completed tasks = 9]
2025-04-29T00:11:06.220+08:00 DEBUG 22728 --- [tabletennis] [http-nio-8080-exec-9] org.mybatis.spring.SqlSessionUtils       : Creating a new SqlSession
2025-04-29T00:11:06.220+08:00 DEBUG 22728 --- [tabletennis] [http-nio-8080-exec-9] org.mybatis.spring.SqlSessionUtils       : SqlSession [org.apache.ibatis.session.defaults.DefaultSqlSession@670e816b] was not registered for synchronization because synchronization is not active
2025-04-29T00:11:06.220+08:00 DEBUG 22728 --- [tabletennis] [http-nio-8080-exec-9] o.m.s.t.SpringManagedTransaction         : JDBC Connection [HikariProxyConnection@1968502326 wrapping com.mysql.cj.jdbc.ConnectionImpl@26128265] will not be managed by Spring
2025-04-29T00:11:06.220+08:00 DEBUG 22728 --- [tabletennis] [http-nio-8080-exec-9] c.e.t.m.UserMapper.selectByUsername      : ==>  Preparing: SELECT * FROM user WHERE username = ?
2025-04-29T00:11:06.220+08:00 DEBUG 22728 --- [tabletennis] [http-nio-8080-exec-9] c.e.t.m.UserMapper.selectByUsername      : ==> Parameters: admin(String)
2025-04-29T00:11:06.221+08:00 TRACE 22728 --- [tabletennis] [http-nio-8080-exec-9] c.e.t.m.UserMapper.selectByUsername      : <==    Columns: user_id, username, password, email, registration_time, last_login_time, avatar_url, status, role
2025-04-29T00:11:06.221+08:00 TRACE 22728 --- [tabletennis] [http-nio-8080-exec-9] c.e.t.m.UserMapper.selectByUsername      : <==        Row: 1, admin, $2a$10$a6vRrXtpxhPrSdVsQOF1nuzFWuyQJ53nTPZHyniVvQK/4ziUlEQki, 1471750916@qq.com, 2025-04-25 14:37:39, 2025-04-28 23:45:25, http://localhost:8080/uploads/avatars/default-avatar.png, active, ADMIN
2025-04-29T00:11:06.221+08:00 DEBUG 22728 --- [tabletennis] [http-nio-8080-exec-9] c.e.t.m.UserMapper.selectByUsername      : <==      Total: 1
2025-04-29T00:11:06.222+08:00 DEBUG 22728 --- [tabletennis] [http-nio-8080-exec-9] org.mybatis.spring.SqlSessionUtils       : Closing non transactional SqlSession [org.apache.ibatis.session.defaults.DefaultSqlSession@670e816b]
2025-04-29T00:11:06.222+08:00 DEBUG 22728 --- [tabletennis] [http-nio-8080-exec-9] o.s.web.servlet.DispatcherServlet        : GET "/api/notifications/unread-counts", parameters={}
2025-04-29T00:11:06.222+08:00 DEBUG 22728 --- [tabletennis] [http-nio-8080-exec-9] s.w.s.m.m.a.RequestMappingHandlerMapping : Mapped to com.example.tabletennis.controller.NotificationController#getUnreadCount(UserDetails)
2025-04-29T00:11:06.222+08:00 DEBUG 22728 --- [tabletennis] [http-nio-8080-exec-9] org.mybatis.spring.SqlSessionUtils       : Creating a new SqlSession
2025-04-29T00:11:06.222+08:00 DEBUG 22728 --- [tabletennis] [http-nio-8080-exec-9] org.mybatis.spring.SqlSessionUtils       : SqlSession [org.apache.ibatis.session.defaults.DefaultSqlSession@7f7125fe] was not registered for synchronization because synchronization is not active
2025-04-29T00:11:06.222+08:00 DEBUG 22728 --- [tabletennis] [http-nio-8080-exec-9] o.m.s.t.SpringManagedTransaction         : JDBC Connection [HikariProxyConnection@1827137186 wrapping com.mysql.cj.jdbc.ConnectionImpl@26128265] will not be managed by Spring
2025-04-29T00:11:06.222+08:00 DEBUG 22728 --- [tabletennis] [http-nio-8080-exec-9] c.e.t.m.U.selectUserIdByUsername         : ==>  Preparing: SELECT user_id FROM user WHERE username = ?
2025-04-29T00:11:06.222+08:00 DEBUG 22728 --- [tabletennis] [http-nio-8080-exec-9] c.e.t.m.U.selectUserIdByUsername         : ==> Parameters: admin(String)
2025-04-29T00:11:06.223+08:00 TRACE 22728 --- [tabletennis] [http-nio-8080-exec-9] c.e.t.m.U.selectUserIdByUsername         : <==    Columns: user_id
2025-04-29T00:11:06.223+08:00 TRACE 22728 --- [tabletennis] [http-nio-8080-exec-9] c.e.t.m.U.selectUserIdByUsername         : <==        Row: 1
2025-04-29T00:11:06.223+08:00 DEBUG 22728 --- [tabletennis] [http-nio-8080-exec-9] c.e.t.m.U.selectUserIdByUsername         : <==      Total: 1
2025-04-29T00:11:06.223+08:00 DEBUG 22728 --- [tabletennis] [http-nio-8080-exec-9] org.mybatis.spring.SqlSessionUtils       : Closing non transactional SqlSession [org.apache.ibatis.session.defaults.DefaultSqlSession@7f7125fe]
2025-04-29T00:11:06.223+08:00 DEBUG 22728 --- [tabletennis] [http-nio-8080-exec-9] org.mybatis.spring.SqlSessionUtils       : Creating a new SqlSession
2025-04-29T00:11:06.223+08:00 DEBUG 22728 --- [tabletennis] [http-nio-8080-exec-9] org.mybatis.spring.SqlSessionUtils       : SqlSession [org.apache.ibatis.session.defaults.DefaultSqlSession@42ee26c5] was not registered for synchronization because synchronization is not active
2025-04-29T00:11:06.223+08:00 DEBUG 22728 --- [tabletennis] [http-nio-8080-exec-9] o.m.s.t.SpringManagedTransaction         : JDBC Connection [HikariProxyConnection@885433779 wrapping com.mysql.cj.jdbc.ConnectionImpl@26128265] will not be managed by Spring
2025-04-29T00:11:06.223+08:00 DEBUG 22728 --- [tabletennis] [http-nio-8080-exec-9] c.e.t.m.N.countUnreadByTypes             : ==>  Preparing: SELECT COUNT(*) FROM notification WHERE receiver_id = ? AND is_read = 0 AND type IN ( ? , ? )
2025-04-29T00:11:06.224+08:00 DEBUG 22728 --- [tabletennis] [http-nio-8080-exec-9] c.e.t.m.N.countUnreadByTypes             : ==> Parameters: 1(Long), COMMENT(String), REPLY(String)
2025-04-29T00:11:06.224+08:00 TRACE 22728 --- [tabletennis] [http-nio-8080-exec-9] c.e.t.m.N.countUnreadByTypes             : <==    Columns: COUNT(*)
2025-04-29T00:11:06.224+08:00 TRACE 22728 --- [tabletennis] [http-nio-8080-exec-9] c.e.t.m.N.countUnreadByTypes             : <==        Row: 0
2025-04-29T00:11:06.224+08:00 DEBUG 22728 --- [tabletennis] [http-nio-8080-exec-9] c.e.t.m.N.countUnreadByTypes             : <==      Total: 1
2025-04-29T00:11:06.226+08:00 DEBUG 22728 --- [tabletennis] [http-nio-8080-exec-9] org.mybatis.spring.SqlSessionUtils       : Closing non transactional SqlSession [org.apache.ibatis.session.defaults.DefaultSqlSession@42ee26c5]
2025-04-29T00:11:06.226+08:00 DEBUG 22728 --- [tabletennis] [http-nio-8080-exec-9] org.mybatis.spring.SqlSessionUtils       : Creating a new SqlSession
2025-04-29T00:11:06.226+08:00 DEBUG 22728 --- [tabletennis] [http-nio-8080-exec-9] org.mybatis.spring.SqlSessionUtils       : SqlSession [org.apache.ibatis.session.defaults.DefaultSqlSession@5be921e1] was not registered for synchronization because synchronization is not active
2025-04-29T00:11:06.226+08:00 DEBUG 22728 --- [tabletennis] [http-nio-8080-exec-9] o.m.s.t.SpringManagedTransaction         : JDBC Connection [HikariProxyConnection@1745026135 wrapping com.mysql.cj.jdbc.ConnectionImpl@26128265] will not be managed by Spring
2025-04-29T00:11:06.226+08:00 DEBUG 22728 --- [tabletennis] [http-nio-8080-exec-9] c.e.t.m.N.countUnreadByTypes             : ==>  Preparing: SELECT COUNT(*) FROM notification WHERE receiver_id = ? AND is_read = 0 AND type IN ( ? )
2025-04-29T00:11:06.226+08:00 DEBUG 22728 --- [tabletennis] [http-nio-8080-exec-9] c.e.t.m.N.countUnreadByTypes             : ==> Parameters: 1(Long), LIKE(String)
2025-04-29T00:11:06.227+08:00 TRACE 22728 --- [tabletennis] [http-nio-8080-exec-9] c.e.t.m.N.countUnreadByTypes             : <==    Columns: COUNT(*)
2025-04-29T00:11:06.227+08:00 TRACE 22728 --- [tabletennis] [http-nio-8080-exec-9] c.e.t.m.N.countUnreadByTypes             : <==        Row: 0
2025-04-29T00:11:06.227+08:00 DEBUG 22728 --- [tabletennis] [http-nio-8080-exec-9] c.e.t.m.N.countUnreadByTypes             : <==      Total: 1
2025-04-29T00:11:06.227+08:00 DEBUG 22728 --- [tabletennis] [http-nio-8080-exec-9] org.mybatis.spring.SqlSessionUtils       : Closing non transactional SqlSession [org.apache.ibatis.session.defaults.DefaultSqlSession@5be921e1]
2025-04-29T00:11:06.227+08:00 DEBUG 22728 --- [tabletennis] [http-nio-8080-exec-9] org.mybatis.spring.SqlSessionUtils       : Creating a new SqlSession
2025-04-29T00:11:06.227+08:00 DEBUG 22728 --- [tabletennis] [http-nio-8080-exec-9] org.mybatis.spring.SqlSessionUtils       : SqlSession [org.apache.ibatis.session.defaults.DefaultSqlSession@32cf29e4] was not registered for synchronization because synchronization is not active
2025-04-29T00:11:06.227+08:00 DEBUG 22728 --- [tabletennis] [http-nio-8080-exec-9] o.m.s.t.SpringManagedTransaction         : JDBC Connection [HikariProxyConnection@540794997 wrapping com.mysql.cj.jdbc.ConnectionImpl@26128265] will not be managed by Spring
2025-04-29T00:11:06.227+08:00 DEBUG 22728 --- [tabletennis] [http-nio-8080-exec-9] c.e.t.m.N.countUnreadByTypes             : ==>  Preparing: SELECT COUNT(*) FROM notification WHERE receiver_id = ? AND is_read = 0 AND type IN ( ? )
2025-04-29T00:11:06.228+08:00 DEBUG 22728 --- [tabletennis] [http-nio-8080-exec-9] c.e.t.m.N.countUnreadByTypes             : ==> Parameters: 1(Long), SYSTEM(String)
2025-04-29T00:11:06.229+08:00 TRACE 22728 --- [tabletennis] [http-nio-8080-exec-9] c.e.t.m.N.countUnreadByTypes             : <==    Columns: COUNT(*)
2025-04-29T00:11:06.229+08:00 TRACE 22728 --- [tabletennis] [http-nio-8080-exec-9] c.e.t.m.N.countUnreadByTypes             : <==        Row: 0
2025-04-29T00:11:06.229+08:00 DEBUG 22728 --- [tabletennis] [http-nio-8080-exec-9] c.e.t.m.N.countUnreadByTypes             : <==      Total: 1
2025-04-29T00:11:06.229+08:00 DEBUG 22728 --- [tabletennis] [http-nio-8080-exec-9] org.mybatis.spring.SqlSessionUtils       : Closing non transactional SqlSession [org.apache.ibatis.session.defaults.DefaultSqlSession@32cf29e4]
2025-04-29T00:11:06.229+08:00 DEBUG 22728 --- [tabletennis] [http-nio-8080-exec-9] o.s.w.s.m.m.a.HttpEntityMethodProcessor  : Using 'application/json', given [application/json, text/plain, */*] and supported [application/json, application/*+json]
2025-04-29T00:11:06.230+08:00 DEBUG 22728 --- [tabletennis] [http-nio-8080-exec-9] o.s.w.s.m.m.a.HttpEntityMethodProcessor  : Writing [ApiResponse(code=200, message=Success, data={system=0, like=0, replyComment=0})]
2025-04-29T00:11:06.230+08:00 DEBUG 22728 --- [tabletennis] [http-nio-8080-exec-9] o.s.web.servlet.DispatcherServlet        : Completed 200 OK
2025-04-29T00:16:06.208+08:00 DEBUG 22728 --- [tabletennis] [http-nio-8080-exec-8] org.mybatis.spring.SqlSessionUtils       : Creating a new SqlSession
2025-04-29T00:16:06.210+08:00 DEBUG 22728 --- [tabletennis] [http-nio-8080-exec-8] org.mybatis.spring.SqlSessionUtils       : SqlSession [org.apache.ibatis.session.defaults.DefaultSqlSession@21c489a2] was not registered for synchronization because synchronization is not active
2025-04-29T00:16:06.210+08:00 DEBUG 22728 --- [tabletennis] [http-nio-8080-exec-8] o.m.s.t.SpringManagedTransaction         : JDBC Connection [HikariProxyConnection@256594983 wrapping com.mysql.cj.jdbc.ConnectionImpl@26128265] will not be managed by Spring
2025-04-29T00:16:06.210+08:00 DEBUG 22728 --- [tabletennis] [http-nio-8080-exec-8] c.e.t.m.UserMapper.selectByUsername      : ==>  Preparing: SELECT * FROM user WHERE username = ?
2025-04-29T00:16:06.210+08:00 DEBUG 22728 --- [tabletennis] [http-nio-8080-exec-8] c.e.t.m.UserMapper.selectByUsername      : ==> Parameters: admin(String)
2025-04-29T00:16:06.211+08:00 TRACE 22728 --- [tabletennis] [http-nio-8080-exec-8] c.e.t.m.UserMapper.selectByUsername      : <==    Columns: user_id, username, password, email, registration_time, last_login_time, avatar_url, status, role
2025-04-29T00:16:06.211+08:00 TRACE 22728 --- [tabletennis] [http-nio-8080-exec-8] c.e.t.m.UserMapper.selectByUsername      : <==        Row: 1, admin, $2a$10$a6vRrXtpxhPrSdVsQOF1nuzFWuyQJ53nTPZHyniVvQK/4ziUlEQki, 1471750916@qq.com, 2025-04-25 14:37:39, 2025-04-28 23:45:25, http://localhost:8080/uploads/avatars/default-avatar.png, active, ADMIN
2025-04-29T00:16:06.211+08:00 DEBUG 22728 --- [tabletennis] [http-nio-8080-exec-8] c.e.t.m.UserMapper.selectByUsername      : <==      Total: 1
2025-04-29T00:16:06.211+08:00 DEBUG 22728 --- [tabletennis] [http-nio-8080-exec-8] org.mybatis.spring.SqlSessionUtils       : Closing non transactional SqlSession [org.apache.ibatis.session.defaults.DefaultSqlSession@21c489a2]
2025-04-29T00:16:06.211+08:00 DEBUG 22728 --- [tabletennis] [http-nio-8080-exec-8] o.s.web.servlet.DispatcherServlet        : GET "/api/notifications/unread-counts", parameters={}
2025-04-29T00:16:06.212+08:00 DEBUG 22728 --- [tabletennis] [http-nio-8080-exec-8] s.w.s.m.m.a.RequestMappingHandlerMapping : Mapped to com.example.tabletennis.controller.NotificationController#getUnreadCount(UserDetails)
2025-04-29T00:16:06.212+08:00 DEBUG 22728 --- [tabletennis] [http-nio-8080-exec-8] org.mybatis.spring.SqlSessionUtils       : Creating a new SqlSession
2025-04-29T00:16:06.212+08:00 DEBUG 22728 --- [tabletennis] [http-nio-8080-exec-8] org.mybatis.spring.SqlSessionUtils       : SqlSession [org.apache.ibatis.session.defaults.DefaultSqlSession@57836c6] was not registered for synchronization because synchronization is not active
2025-04-29T00:16:06.212+08:00 DEBUG 22728 --- [tabletennis] [http-nio-8080-exec-8] o.m.s.t.SpringManagedTransaction         : JDBC Connection [HikariProxyConnection@16004690 wrapping com.mysql.cj.jdbc.ConnectionImpl@26128265] will not be managed by Spring
2025-04-29T00:16:06.212+08:00 DEBUG 22728 --- [tabletennis] [http-nio-8080-exec-8] c.e.t.m.U.selectUserIdByUsername         : ==>  Preparing: SELECT user_id FROM user WHERE username = ?
2025-04-29T00:16:06.212+08:00 DEBUG 22728 --- [tabletennis] [http-nio-8080-exec-8] c.e.t.m.U.selectUserIdByUsername         : ==> Parameters: admin(String)
2025-04-29T00:16:06.212+08:00 TRACE 22728 --- [tabletennis] [http-nio-8080-exec-8] c.e.t.m.U.selectUserIdByUsername         : <==    Columns: user_id
2025-04-29T00:16:06.212+08:00 TRACE 22728 --- [tabletennis] [http-nio-8080-exec-8] c.e.t.m.U.selectUserIdByUsername         : <==        Row: 1
2025-04-29T00:16:06.212+08:00 DEBUG 22728 --- [tabletennis] [http-nio-8080-exec-8] c.e.t.m.U.selectUserIdByUsername         : <==      Total: 1
2025-04-29T00:16:06.212+08:00 DEBUG 22728 --- [tabletennis] [http-nio-8080-exec-8] org.mybatis.spring.SqlSessionUtils       : Closing non transactional SqlSession [org.apache.ibatis.session.defaults.DefaultSqlSession@57836c6]
2025-04-29T00:16:06.212+08:00 DEBUG 22728 --- [tabletennis] [http-nio-8080-exec-8] org.mybatis.spring.SqlSessionUtils       : Creating a new SqlSession
2025-04-29T00:16:06.212+08:00 DEBUG 22728 --- [tabletennis] [http-nio-8080-exec-8] org.mybatis.spring.SqlSessionUtils       : SqlSession [org.apache.ibatis.session.defaults.DefaultSqlSession@616aa8aa] was not registered for synchronization because synchronization is not active
2025-04-29T00:16:06.213+08:00 DEBUG 22728 --- [tabletennis] [http-nio-8080-exec-8] o.m.s.t.SpringManagedTransaction         : JDBC Connection [HikariProxyConnection@635468871 wrapping com.mysql.cj.jdbc.ConnectionImpl@26128265] will not be managed by Spring
2025-04-29T00:16:06.213+08:00 DEBUG 22728 --- [tabletennis] [http-nio-8080-exec-8] c.e.t.m.N.countUnreadByTypes             : ==>  Preparing: SELECT COUNT(*) FROM notification WHERE receiver_id = ? AND is_read = 0 AND type IN ( ? , ? )
2025-04-29T00:16:06.213+08:00 DEBUG 22728 --- [tabletennis] [http-nio-8080-exec-8] c.e.t.m.N.countUnreadByTypes             : ==> Parameters: 1(Long), COMMENT(String), REPLY(String)
2025-04-29T00:16:06.213+08:00 TRACE 22728 --- [tabletennis] [http-nio-8080-exec-8] c.e.t.m.N.countUnreadByTypes             : <==    Columns: COUNT(*)
2025-04-29T00:16:06.213+08:00 TRACE 22728 --- [tabletennis] [http-nio-8080-exec-8] c.e.t.m.N.countUnreadByTypes             : <==        Row: 0
2025-04-29T00:16:06.213+08:00 DEBUG 22728 --- [tabletennis] [http-nio-8080-exec-8] c.e.t.m.N.countUnreadByTypes             : <==      Total: 1
2025-04-29T00:16:06.213+08:00 DEBUG 22728 --- [tabletennis] [http-nio-8080-exec-8] org.mybatis.spring.SqlSessionUtils       : Closing non transactional SqlSession [org.apache.ibatis.session.defaults.DefaultSqlSession@616aa8aa]
2025-04-29T00:16:06.213+08:00 DEBUG 22728 --- [tabletennis] [http-nio-8080-exec-8] org.mybatis.spring.SqlSessionUtils       : Creating a new SqlSession
2025-04-29T00:16:06.213+08:00 DEBUG 22728 --- [tabletennis] [http-nio-8080-exec-8] org.mybatis.spring.SqlSessionUtils       : SqlSession [org.apache.ibatis.session.defaults.DefaultSqlSession@c44cb00] was not registered for synchronization because synchronization is not active
2025-04-29T00:16:06.213+08:00 DEBUG 22728 --- [tabletennis] [http-nio-8080-exec-8] o.m.s.t.SpringManagedTransaction         : JDBC Connection [HikariProxyConnection@954142170 wrapping com.mysql.cj.jdbc.ConnectionImpl@26128265] will not be managed by Spring
2025-04-29T00:16:06.213+08:00 DEBUG 22728 --- [tabletennis] [http-nio-8080-exec-8] c.e.t.m.N.countUnreadByTypes             : ==>  Preparing: SELECT COUNT(*) FROM notification WHERE receiver_id = ? AND is_read = 0 AND type IN ( ? )
2025-04-29T00:16:06.213+08:00 DEBUG 22728 --- [tabletennis] [http-nio-8080-exec-8] c.e.t.m.N.countUnreadByTypes             : ==> Parameters: 1(Long), LIKE(String)
2025-04-29T00:16:06.214+08:00 TRACE 22728 --- [tabletennis] [http-nio-8080-exec-8] c.e.t.m.N.countUnreadByTypes             : <==    Columns: COUNT(*)
2025-04-29T00:16:06.214+08:00 TRACE 22728 --- [tabletennis] [http-nio-8080-exec-8] c.e.t.m.N.countUnreadByTypes             : <==        Row: 0
2025-04-29T00:16:06.214+08:00 DEBUG 22728 --- [tabletennis] [http-nio-8080-exec-8] c.e.t.m.N.countUnreadByTypes             : <==      Total: 1
2025-04-29T00:16:06.214+08:00 DEBUG 22728 --- [tabletennis] [http-nio-8080-exec-8] org.mybatis.spring.SqlSessionUtils       : Closing non transactional SqlSession [org.apache.ibatis.session.defaults.DefaultSqlSession@c44cb00]
2025-04-29T00:16:06.214+08:00 DEBUG 22728 --- [tabletennis] [http-nio-8080-exec-8] org.mybatis.spring.SqlSessionUtils       : Creating a new SqlSession
2025-04-29T00:16:06.214+08:00 DEBUG 22728 --- [tabletennis] [http-nio-8080-exec-8] org.mybatis.spring.SqlSessionUtils       : SqlSession [org.apache.ibatis.session.defaults.DefaultSqlSession@260468f2] was not registered for synchronization because synchronization is not active
2025-04-29T00:16:06.214+08:00 DEBUG 22728 --- [tabletennis] [http-nio-8080-exec-8] o.m.s.t.SpringManagedTransaction         : JDBC Connection [HikariProxyConnection@213040121 wrapping com.mysql.cj.jdbc.ConnectionImpl@26128265] will not be managed by Spring
2025-04-29T00:16:06.214+08:00 DEBUG 22728 --- [tabletennis] [http-nio-8080-exec-8] c.e.t.m.N.countUnreadByTypes             : ==>  Preparing: SELECT COUNT(*) FROM notification WHERE receiver_id = ? AND is_read = 0 AND type IN ( ? )
2025-04-29T00:16:06.214+08:00 DEBUG 22728 --- [tabletennis] [http-nio-8080-exec-8] c.e.t.m.N.countUnreadByTypes             : ==> Parameters: 1(Long), SYSTEM(String)
2025-04-29T00:16:06.214+08:00 TRACE 22728 --- [tabletennis] [http-nio-8080-exec-8] c.e.t.m.N.countUnreadByTypes             : <==    Columns: COUNT(*)
2025-04-29T00:16:06.215+08:00 TRACE 22728 --- [tabletennis] [http-nio-8080-exec-8] c.e.t.m.N.countUnreadByTypes             : <==        Row: 0
2025-04-29T00:16:06.215+08:00 DEBUG 22728 --- [tabletennis] [http-nio-8080-exec-8] c.e.t.m.N.countUnreadByTypes             : <==      Total: 1
2025-04-29T00:16:06.215+08:00 DEBUG 22728 --- [tabletennis] [http-nio-8080-exec-8] org.mybatis.spring.SqlSessionUtils       : Closing non transactional SqlSession [org.apache.ibatis.session.defaults.DefaultSqlSession@260468f2]
2025-04-29T00:16:06.215+08:00 DEBUG 22728 --- [tabletennis] [http-nio-8080-exec-8] o.s.w.s.m.m.a.HttpEntityMethodProcessor  : Using 'application/json', given [application/json, text/plain, */*] and supported [application/json, application/*+json]
2025-04-29T00:16:06.215+08:00 DEBUG 22728 --- [tabletennis] [http-nio-8080-exec-8] o.s.w.s.m.m.a.HttpEntityMethodProcessor  : Writing [ApiResponse(code=200, message=Success, data={system=0, like=0, replyComment=0})]
2025-04-29T00:16:06.215+08:00 DEBUG 22728 --- [tabletennis] [http-nio-8080-exec-8] o.s.web.servlet.DispatcherServlet        : Completed 200 OK
2025-04-29T00:21:37.171+08:00  INFO 22728 --- [tabletennis] [SpringApplicationShutdownHook] o.s.b.w.e.tomcat.GracefulShutdown        : Commencing graceful shutdown. Waiting for active requests to complete
2025-04-29T00:21:37.269+08:00  INFO 22728 --- [tabletennis] [tomcat-shutdown] o.s.b.w.e.tomcat.GracefulShutdown        : Graceful shutdown complete
2025-04-29T00:21:37.274+08:00 DEBUG 22728 --- [tabletennis] [SpringApplicationShutdownHook] o.s.m.s.ExecutorSubscribableChannel      : clientOutboundChannel removed SubProtocolWebSocketHandler[StompSubProtocolHandler[v10.stomp, v11.stomp, v12.stomp]]
2025-04-29T00:21:37.274+08:00 DEBUG 22728 --- [tabletennis] [SpringApplicationShutdownHook] o.s.m.s.ExecutorSubscribableChannel      : clientInboundChannel removed WebSocketAnnotationMethodMessageHandler[prefixes=[/app/]]
2025-04-29T00:21:37.274+08:00  INFO 22728 --- [tabletennis] [SpringApplicationShutdownHook] o.s.m.s.b.SimpleBrokerMessageHandler     : Stopping...
2025-04-29T00:21:37.274+08:00  INFO 22728 --- [tabletennis] [SpringApplicationShutdownHook] o.s.m.s.b.SimpleBrokerMessageHandler     : BrokerAvailabilityEvent[available=false, SimpleBrokerMessageHandler [org.springframework.messaging.simp.broker.DefaultSubscriptionRegistry@11608a33]]
2025-04-29T00:21:37.274+08:00 DEBUG 22728 --- [tabletennis] [SpringApplicationShutdownHook] o.s.m.s.ExecutorSubscribableChannel      : clientInboundChannel removed SimpleBrokerMessageHandler [org.springframework.messaging.simp.broker.DefaultSubscriptionRegistry@11608a33]
2025-04-29T00:21:37.274+08:00 DEBUG 22728 --- [tabletennis] [SpringApplicationShutdownHook] o.s.m.s.ExecutorSubscribableChannel      : brokerChannel removed SimpleBrokerMessageHandler [org.springframework.messaging.simp.broker.DefaultSubscriptionRegistry@11608a33]
2025-04-29T00:21:37.274+08:00  INFO 22728 --- [tabletennis] [SpringApplicationShutdownHook] o.s.m.s.b.SimpleBrokerMessageHandler     : Stopped.
2025-04-29T00:21:37.274+08:00 DEBUG 22728 --- [tabletennis] [SpringApplicationShutdownHook] o.s.m.s.ExecutorSubscribableChannel      : clientInboundChannel removed UserDestinationMessageHandler[DefaultUserDestinationResolver[prefix=/user/]]
2025-04-29T00:21:37.274+08:00 DEBUG 22728 --- [tabletennis] [SpringApplicationShutdownHook] o.s.m.s.ExecutorSubscribableChannel      : brokerChannel removed UserDestinationMessageHandler[DefaultUserDestinationResolver[prefix=/user/]]
2025-04-29T00:21:37.291+08:00  INFO 22728 --- [tabletennis] [SpringApplicationShutdownHook] com.zaxxer.hikari.HikariDataSource       : HikariPool-1 - Shutdown initiated...
2025-04-29T00:21:37.295+08:00  INFO 22728 --- [tabletennis] [SpringApplicationShutdownHook] com.zaxxer.hikari.HikariDataSource       : HikariPool-1 - Shutdown completed.
